2022.09.12 22:01:36 INFO  tracing is disabled for protocol LSP, to enable tracing of incoming and outgoing JSON messages create an empty file at c:\Users\Lucas de Martha\Desktop\S201-L2\Scala\.metals\lsp.trace.json or C:\Users\Lucas de Martha\AppData\Local\scalameta\metals\cache\lsp.trace.json
2022.09.12 22:01:37 INFO  logging to file C:\Users\Lucas de Martha\Desktop\S201-L2\Scala\.metals\metals.log
2022.09.12 22:01:37 INFO  Started: Metals version 0.11.8 in workspace 'C:\Users\Lucas de Martha\Desktop\S201-L2\Scala' for client Visual Studio Code 1.71.0.
2022.09.12 22:01:42 WARN  Flyway upgrade recommended: H2 2.1.214 is newer than this version of Flyway and support has not been tested. The latest supported version of H2 is 2.1.210.
2022.09.12 22:01:43 INFO  time: initialize in 5.92s
2022.09.12 22:01:47 WARN  Build server is not auto-connectable.
2022.09.12 22:01:47 WARN  no build tool detected in workspace 'C:\Users\Lucas de Martha\Desktop\S201-L2\Scala'. The most common cause for this problem is that the editor was opened in the wrong working directory, for example if you use sbt then the workspace directory should contain build.sbt. 
2022.09.12 22:01:47 WARN  no build target for: C:\Users\Lucas de Martha\Desktop\S201-L2\Scala\Aula 1\ex1 array.scala
set. 12, 2022 10:01:48 PM org.eclipse.lsp4j.jsonrpc.RemoteEndpoint handleCancellation
ADVERTÊNCIA: Unmatched cancel notification for request id 1
2022.09.12 22:02:40 INFO  no build target found for C:\Users\Lucas de Martha\Desktop\S201-L2\Scala\Aula 1\ex1 array.scala. Using presentation compiler with project's scala-library version: 3.1.3
set. 12, 2022 10:02:40 PM org.eclipse.lsp4j.jsonrpc.RemoteEndpoint handleCancellation
ADVERTÊNCIA: Unmatched cancel notification for request id 13
2022.09.12 22:02:41 WARN  no build target for: C:\Users\Lucas de Martha\Desktop\S201-L2\Scala\Aula 1\ex1 array.scala
set. 12, 2022 10:02:41 PM org.eclipse.lsp4j.jsonrpc.RemoteEndpoint handleCancellation
ADVERTÊNCIA: Unmatched cancel notification for request id 17
2022.09.12 22:02:43 INFO  time: code lens generation in 2.48s
2022.09.12 22:02:43 INFO  time: code lens generation in 2.55s
2022.09.12 22:02:43 INFO  time: code lens generation in 2.88s
2022.09.12 22:14:50 INFO  shutting down Metals
